<?xml version="1.0" encoding="UTF-8" ?>
<testsuite failures="0" time="0.016" errors="0" skipped="0" tests="1" name="net.dynamic_tools.service.JSResourceLoaderTest">
  <properties>
    <property name="java.runtime.name" value="Java(TM) SE Runtime Environment"/>
    <property name="sun.boot.library.path" value="C:\Program Files (x86)\Java\jdk1.6.0_25\jre\bin"/>
    <property name="java.vm.version" value="20.0-b11"/>
    <property name="java.vm.vendor" value="Sun Microsystems Inc."/>
    <property name="java.vendor.url" value="http://java.sun.com/"/>
    <property name="path.separator" value=";"/>
    <property name="java.vm.name" value="Java HotSpot(TM) Client VM"/>
    <property name="file.encoding.pkg" value="sun.io"/>
    <property name="user.country" value="GB"/>
    <property name="sun.java.launcher" value="SUN_STANDARD"/>
    <property name="sun.os.patch.level" value=""/>
    <property name="java.vm.specification.name" value="Java Virtual Machine Specification"/>
    <property name="user.dir" value="D:\Work\Development\Projects\Mine\DynamicTools\JavaScript\DependencyManager\core"/>
    <property name="java.runtime.version" value="1.6.0_25-b06"/>
    <property name="java.awt.graphicsenv" value="sun.awt.Win32GraphicsEnvironment"/>
    <property name="basedir" value="D:\Work\Development\Projects\Mine\DynamicTools\JavaScript\DependencyManager\core"/>
    <property name="java.endorsed.dirs" value="C:\Program Files (x86)\Java\jdk1.6.0_25\jre\lib\endorsed"/>
    <property name="os.arch" value="x86"/>
    <property name="surefire.real.class.path" value="D:\Work\Development\Projects\Mine\DynamicTools\JavaScript\DependencyManager\core\target\surefire\surefirebooter277340646156029065.jar"/>
    <property name="java.io.tmpdir" value="C:\Users\Peter\AppData\Local\Temp\"/>
    <property name="line.separator" value="
"/>
    <property name="java.vm.specification.vendor" value="Sun Microsystems Inc."/>
    <property name="user.variant" value=""/>
    <property name="os.name" value="Windows 7"/>
    <property name="sun.jnu.encoding" value="Cp1252"/>
    <property name="java.library.path" value="C:\Program Files (x86)\Java\jdk1.6.0_25\jre\bin;.;C:\Windows\Sun\Java\bin;C:\Windows\system32;C:\Windows;D:\Program Files (x86)\JetBrains\IntelliJ IDEA 10.0.2\bin\..\.\bin;D:\Work\Development\Projects\Unicredit\caplin-resources\thirdparty\common\ant\1.8.0\bin;D:\Work\Development\Software\apache-maven-3.0.3\bin;C:\Program Files (x86)\Java\jdk1.6.0_25\bin;C:\Program Files\Common Files\Microsoft Shared\Windows Live;C:\Program Files (x86)\Common Files\Microsoft Shared\Windows Live;C:\Program Files (x86)\ATI Stream\bin\x86_64;C:\Program Files (x86)\ATI Stream\bin\x86;C:\Windows\system32;C:\Windows;C:\Windows\System32\Wbem;C:\Windows\System32\WindowsPowerShell\v1.0\;D:\Program Files\ATI Technologies\ATI.ACE\Core-Static;C:\Program Files (x86)\Windows Live\Shared;C:\Program Files\Microsoft Windows Performance Toolkit\;D:\Program Files\TortoiseSVN\bin;d:\program files (x86)\jetbrains\intellij idea 10.0.2\jre\jre\bin"/>
    <property name="surefire.test.class.path" value="D:\Work\Development\Projects\Mine\DynamicTools\JavaScript\DependencyManager\core\target\test-classes;D:\Work\Development\Projects\Mine\DynamicTools\JavaScript\DependencyManager\core\target\classes;C:\Users\Peter\.m2\repository\org\jgrapht\jgrapht-jdk1.5\0.7.3\jgrapht-jdk1.5-0.7.3.jar;C:\Users\Peter\.m2\repository\junit\junit\4.8.1\junit-4.8.1.jar;C:\Users\Peter\.m2\repository\org\springframework\spring-context\3.0.5.RELEASE\spring-context-3.0.5.RELEASE.jar;C:\Users\Peter\.m2\repository\org\springframework\spring-aop\3.0.5.RELEASE\spring-aop-3.0.5.RELEASE.jar;C:\Users\Peter\.m2\repository\aopalliance\aopalliance\1.0\aopalliance-1.0.jar;C:\Users\Peter\.m2\repository\org\springframework\spring-beans\3.0.5.RELEASE\spring-beans-3.0.5.RELEASE.jar;C:\Users\Peter\.m2\repository\org\springframework\spring-core\3.0.5.RELEASE\spring-core-3.0.5.RELEASE.jar;C:\Users\Peter\.m2\repository\commons-logging\commons-logging\1.1.1\commons-logging-1.1.1.jar;C:\Users\Peter\.m2\repository\org\springframework\spring-expression\3.0.5.RELEASE\spring-expression-3.0.5.RELEASE.jar;C:\Users\Peter\.m2\repository\org\springframework\spring-asm\3.0.5.RELEASE\spring-asm-3.0.5.RELEASE.jar;"/>
    <property name="java.specification.name" value="Java Platform API Specification"/>
    <property name="java.class.version" value="50.0"/>
    <property name="sun.management.compiler" value="HotSpot Client Compiler"/>
    <property name="os.version" value="6.1"/>
    <property name="user.home" value="C:\Users\Peter"/>
    <property name="user.timezone" value=""/>
    <property name="java.awt.printerjob" value="sun.awt.windows.WPrinterJob"/>
    <property name="java.specification.version" value="1.6"/>
    <property name="file.encoding" value="Cp1252"/>
    <property name="user.name" value="Peter"/>
    <property name="java.class.path" value="D:\Work\Development\Projects\Mine\DynamicTools\JavaScript\DependencyManager\core\target\test-classes;D:\Work\Development\Projects\Mine\DynamicTools\JavaScript\DependencyManager\core\target\classes;C:\Users\Peter\.m2\repository\org\jgrapht\jgrapht-jdk1.5\0.7.3\jgrapht-jdk1.5-0.7.3.jar;C:\Users\Peter\.m2\repository\junit\junit\4.8.1\junit-4.8.1.jar;C:\Users\Peter\.m2\repository\org\springframework\spring-context\3.0.5.RELEASE\spring-context-3.0.5.RELEASE.jar;C:\Users\Peter\.m2\repository\org\springframework\spring-aop\3.0.5.RELEASE\spring-aop-3.0.5.RELEASE.jar;C:\Users\Peter\.m2\repository\aopalliance\aopalliance\1.0\aopalliance-1.0.jar;C:\Users\Peter\.m2\repository\org\springframework\spring-beans\3.0.5.RELEASE\spring-beans-3.0.5.RELEASE.jar;C:\Users\Peter\.m2\repository\org\springframework\spring-core\3.0.5.RELEASE\spring-core-3.0.5.RELEASE.jar;C:\Users\Peter\.m2\repository\commons-logging\commons-logging\1.1.1\commons-logging-1.1.1.jar;C:\Users\Peter\.m2\repository\org\springframework\spring-expression\3.0.5.RELEASE\spring-expression-3.0.5.RELEASE.jar;C:\Users\Peter\.m2\repository\org\springframework\spring-asm\3.0.5.RELEASE\spring-asm-3.0.5.RELEASE.jar;"/>
    <property name="java.vm.specification.version" value="1.0"/>
    <property name="sun.arch.data.model" value="32"/>
    <property name="java.home" value="C:\Program Files (x86)\Java\jdk1.6.0_25\jre"/>
    <property name="sun.java.command" value="D:\Work\Development\Projects\Mine\DynamicTools\JavaScript\DependencyManager\core\target\surefire\surefirebooter277340646156029065.jar D:\Work\Development\Projects\Mine\DynamicTools\JavaScript\DependencyManager\core\target\surefire\surefire2385056478158814273tmp D:\Work\Development\Projects\Mine\DynamicTools\JavaScript\DependencyManager\core\target\surefire\surefire543414409888749273tmp"/>
    <property name="java.specification.vendor" value="Sun Microsystems Inc."/>
    <property name="user.language" value="en"/>
    <property name="awt.toolkit" value="sun.awt.windows.WToolkit"/>
    <property name="java.vm.info" value="mixed mode, sharing"/>
    <property name="java.version" value="1.6.0_25"/>
    <property name="java.ext.dirs" value="C:\Program Files (x86)\Java\jdk1.6.0_25\jre\lib\ext;C:\Windows\Sun\Java\lib\ext"/>
    <property name="sun.boot.class.path" value="C:\Program Files (x86)\Java\jdk1.6.0_25\jre\lib\resources.jar;C:\Program Files (x86)\Java\jdk1.6.0_25\jre\lib\rt.jar;C:\Program Files (x86)\Java\jdk1.6.0_25\jre\lib\sunrsasign.jar;C:\Program Files (x86)\Java\jdk1.6.0_25\jre\lib\jsse.jar;C:\Program Files (x86)\Java\jdk1.6.0_25\jre\lib\jce.jar;C:\Program Files (x86)\Java\jdk1.6.0_25\jre\lib\charsets.jar;C:\Program Files (x86)\Java\jdk1.6.0_25\jre\lib\modules\jdk.boot.jar;C:\Program Files (x86)\Java\jdk1.6.0_25\jre\classes"/>
    <property name="java.vendor" value="Sun Microsystems Inc."/>
    <property name="localRepository" value="C:\Users\Peter\.m2\repository"/>
    <property name="file.separator" value="\"/>
    <property name="java.vendor.url.bug" value="http://java.sun.com/cgi-bin/bugreport.cgi"/>
    <property name="sun.cpu.endian" value="little"/>
    <property name="sun.io.unicode.encoding" value="UnicodeLittle"/>
    <property name="sun.desktop" value="windows"/>
    <property name="sun.cpu.isalist" value="pentium_pro+mmx pentium_pro pentium+mmx pentium i486 i386 i86"/>
  </properties>
  <testcase time="0.016" classname="net.dynamic_tools.service.JSResourceLoaderTest" name="testLoad"/>
</testsuite>